2017-08-28 17:00:12,324 - rootLogger - INFO - All Excel Files Initialised successfully.
2017-08-28 17:00:12,340 - rootLogger - INFO - Param.properties file loaded successfully.
2017-08-28 17:00:12,340 - rootLogger - INFO - Objects.properties file loaded successfully.
2017-08-28 17:00:12,340 - rootLogger - INFO - ------------------------------------------------------------------------------
2017-08-28 17:00:12,340 - rootLogger - INFO - Execution started for Login Scenarios.
2017-08-28 17:00:12,340 - rootLogger - INFO - ------------------------------------------------------------------------------
2017-08-28 17:00:12,340 - rootLogger - INFO - SuiteToRun = N for TestSuiteLogin So Skipping Execution.
2017-08-28 17:00:12,731 - rootLogger - INFO - All Excel Files Initialised successfully.
2017-08-28 17:00:12,731 - rootLogger - INFO - Param.properties file loaded successfully.
2017-08-28 17:00:12,731 - rootLogger - INFO - Objects.properties file loaded successfully.
2017-08-28 17:00:12,731 - rootLogger - INFO - ------------------------------------------------------------------------------
2017-08-28 17:00:12,731 - rootLogger - INFO - Execution started for Module Group II (Registration and Property Information)
2017-08-28 17:00:12,731 - rootLogger - INFO - ------------------------------------------------------------------------------
2017-08-28 17:00:12,778 - rootLogger - INFO - All Excel Files Initialised successfully.
2017-08-28 17:00:12,778 - rootLogger - INFO - Param.properties file loaded successfully.
2017-08-28 17:00:12,778 - rootLogger - INFO - Objects.properties file loaded successfully.
2017-08-28 17:00:12,778 - rootLogger - INFO - RegisterIndividualTaxpayer : Execution started.
2017-08-28 17:00:12,778 - rootLogger - INFO - RegisterIndividualTaxpayer : CaseToRun = N for So Skipping Execution.
2017-08-28 17:00:12,949 - rootLogger - INFO - All Excel Files Initialised successfully.
2017-08-28 17:00:12,949 - rootLogger - INFO - Param.properties file loaded successfully.
2017-08-28 17:00:12,949 - rootLogger - INFO - Objects.properties file loaded successfully.
2017-08-28 17:00:12,949 - rootLogger - INFO - TaskApproval : Execution started.
2017-08-28 17:00:12,965 - rootLogger - INFO - -------------------- Task Approval Process Begins-------------------------
2017-08-28 17:00:18,639 - rootLogger - INFO - Chrome Driver Instance loaded successfully.
2017-08-28 17:00:20,506 - rootLogger - INFO - -------------------- Data -------------------------
2017-08-28 17:00:20,507 - rootLogger - INFO - User Name:User1BrMgr
2017-08-28 17:00:20,507 - rootLogger - INFO - Password:Passw0rd
2017-08-28 17:00:20,507 - rootLogger - INFO - -----------------Starting Test Case Script Execution--------------------
2017-08-28 17:00:23,436 - rootLogger - INFO - Login to Trips+ Completed
2017-08-28 17:00:23,436 - rootLogger - INFO - Navigating to Individual Summary Screen
2017-08-28 17:00:25,900 - rootLogger - INFO - -----------------Task Selection -------------------
2017-08-28 17:00:26,420 - rootLogger - INFO - TaskApproval : Reporting test data set line 1 as PASS In excel.
2017-08-28 17:00:26,420 - rootLogger - INFO - -------------------- Task Approval Process Begins-------------------------
2017-08-28 17:00:26,436 - rootLogger - INFO - TaskApproval : Reporting test data set line 2 as PASS In excel.
2017-08-28 17:00:26,436 - rootLogger - INFO - -------------------- Task Approval Process Begins-------------------------
2017-08-28 17:00:26,452 - rootLogger - INFO - TaskApproval : Reporting test data set line 3 as PASS In excel.
2017-08-28 17:00:26,467 - rootLogger - INFO - -------------------- Task Approval Process Begins-------------------------
2017-08-28 17:00:26,483 - rootLogger - INFO - TaskApproval : Reporting test data set line 4 as PASS In excel.
2017-08-28 17:00:26,483 - rootLogger - INFO - -------------------- Task Approval Process Begins-------------------------
2017-08-28 17:00:26,483 - rootLogger - INFO - TaskApproval : Reporting test data set line 5 as PASS In excel.
2017-08-28 17:00:26,499 - rootLogger - INFO - -------------------- Task Approval Process Begins-------------------------
2017-08-28 17:00:26,530 - rootLogger - INFO - TaskApproval : Reporting test data set line 6 as PASS In excel.
2017-08-28 17:00:26,561 - rootLogger - INFO - -------------------- Task Approval Process Begins-------------------------
2017-08-28 17:00:26,561 - rootLogger - INFO - TaskApproval : Reporting test data set line 7 as PASS In excel.
2017-08-28 17:00:26,577 - rootLogger - INFO - -------------------- Task Approval Process Begins-------------------------
2017-08-28 17:00:26,577 - rootLogger - INFO - TaskApproval : Reporting test data set line 8 as PASS In excel.
2017-08-28 17:00:26,577 - rootLogger - INFO - -------------------- Task Approval Process Begins-------------------------
2017-08-28 17:00:26,592 - rootLogger - INFO - TaskApproval : Reporting test data set line 9 as PASS In excel.
2017-08-28 17:00:26,592 - rootLogger - INFO - -------------------- Task Approval Process Begins-------------------------
2017-08-28 17:00:26,592 - rootLogger - INFO - TaskApproval : Reporting test data set line 10 as PASS In excel.
2017-08-28 17:00:26,608 - rootLogger - INFO - -------------------- Task Approval Process Begins-------------------------
2017-08-28 17:00:26,608 - rootLogger - INFO - TaskApproval : Reporting test data set line 11 as PASS In excel.
2017-08-28 17:00:26,608 - rootLogger - INFO - -------------------- Task Approval Process Begins-------------------------
2017-08-28 17:00:26,624 - rootLogger - INFO - TaskApproval : Reporting test data set line 12 as PASS In excel.
2017-08-28 17:00:26,624 - rootLogger - INFO - -------------------- Task Approval Process Begins-------------------------
2017-08-28 17:00:26,624 - rootLogger - INFO - TaskApproval : Reporting test data set line 13 as PASS In excel.
2017-08-28 17:00:26,639 - rootLogger - INFO - -------------------- Task Approval Process Begins-------------------------
2017-08-28 17:00:26,655 - rootLogger - INFO - TaskApproval : Reporting test data set line 14 as PASS In excel.
2017-08-28 17:00:26,670 - rootLogger - INFO - -------------------- Task Approval Process Begins-------------------------
2017-08-28 17:00:26,686 - rootLogger - INFO - TaskApproval : Reporting test data set line 15 as PASS In excel.
2017-08-28 17:00:26,702 - rootLogger - INFO - -------------------- Task Approval Process Begins-------------------------
2017-08-28 17:00:26,702 - rootLogger - INFO - TaskApproval : Reporting test data set line 16 as PASS In excel.
2017-08-28 17:00:26,702 - rootLogger - INFO - -------------------- Task Approval Process Begins-------------------------
2017-08-28 17:00:26,702 - rootLogger - INFO - TaskApproval : Reporting test data set line 17 as PASS In excel.
2017-08-28 17:00:26,717 - rootLogger - INFO - -------------------- Task Approval Process Begins-------------------------
2017-08-28 17:00:26,717 - rootLogger - INFO - TaskApproval : Reporting test data set line 18 as PASS In excel.
2017-08-28 17:00:26,717 - rootLogger - INFO - -------------------- Task Approval Process Begins-------------------------
2017-08-28 17:00:26,717 - rootLogger - INFO - TaskApproval : Reporting test data set line 19 as PASS In excel.
2017-08-28 17:00:26,733 - rootLogger - INFO - -------------------- Task Approval Process Begins-------------------------
2017-08-28 17:00:26,733 - rootLogger - INFO - TaskApproval : Reporting test data set line 20 as PASS In excel.
2017-08-28 17:00:26,733 - rootLogger - INFO - -------------------- Task Approval Process Begins-------------------------
2017-08-28 17:00:26,749 - rootLogger - INFO - TaskApproval : Reporting test data set line 21 as PASS In excel.
2017-08-28 17:00:26,749 - rootLogger - INFO - -------------------- Task Approval Process Begins-------------------------
2017-08-28 17:00:26,749 - rootLogger - INFO - TaskApproval : Reporting test data set line 22 as PASS In excel.
2017-08-28 17:00:26,749 - rootLogger - INFO - -------------------- Task Approval Process Begins-------------------------
2017-08-28 17:00:26,764 - rootLogger - INFO - TaskApproval : Reporting test data set line 23 as PASS In excel.
2017-08-28 17:00:26,764 - rootLogger - INFO - -------------------- Task Approval Process Begins-------------------------
2017-08-28 17:00:26,764 - rootLogger - INFO - TaskApproval : Reporting test data set line 24 as PASS In excel.
2017-08-28 17:00:26,780 - rootLogger - INFO - -------------------- Task Approval Process Begins-------------------------
2017-08-28 17:00:26,780 - rootLogger - INFO - TaskApproval : Reporting test data set line 25 as PASS In excel.
2017-08-28 17:00:26,780 - rootLogger - INFO - -------------------- Task Approval Process Begins-------------------------
2017-08-28 17:00:26,780 - rootLogger - INFO - TaskApproval : Reporting test data set line 26 as PASS In excel.
2017-08-28 17:00:26,795 - rootLogger - INFO - -------------------- Task Approval Process Begins-------------------------
2017-08-28 17:00:26,811 - rootLogger - INFO - TaskApproval : Reporting test data set line 27 as PASS In excel.
2017-08-28 17:00:26,827 - rootLogger - INFO - -------------------- Task Approval Process Begins-------------------------
2017-08-28 17:00:26,858 - rootLogger - INFO - TaskApproval : Reporting test data set line 28 as PASS In excel.
2017-08-28 17:00:26,874 - rootLogger - INFO - -------------------- Task Approval Process Begins-------------------------
2017-08-28 17:00:26,874 - rootLogger - INFO - TaskApproval : Reporting test data set line 29 as PASS In excel.
